<?xml version="1.0" encoding="UTF-8"?>
<!-- Generated by org.testng.reporters.JUnitReportReporter -->
<testsuite hostname="MacBook-Pro.local" failures="0" tests="2" name="com.sumit.testng.MultipleDataProviders" time="0.017" errors="0" timestamp="2021-03-16T22:38:51 IST" skipped="0">
  <testcase classname="com.sumit.testng.MultipleDataProviders" name="testData" time="0.003"/>
  <system-out/>
  <testcase classname="com.sumit.testng.MultipleDataProviders" name="testData" time="0.014"/>
  <system-out/>
</testsuite> <!-- com.sumit.testng.MultipleDataProviders -->
