<?xml version="1.0" encoding="UTF-8"?>
<!-- Generated by org.testng.reporters.JUnitReportReporter -->
<testsuite hostname="MacBook-Pro.local" failures="0" tests="1" name="com.sumit.testng.TestNgParameterizatonExcel" time="0.000" errors="0" timestamp="2021-03-16T18:37:51 IST" skipped="1">
  <testcase classname="com.sumit.testng.TestNgParameterizatonExcel" name="testData" time="0.000">
    <skipped/>
  </testcase> <!-- testData -->
  <system-out/>
</testsuite> <!-- com.sumit.testng.TestNgParameterizatonExcel -->
