<?xml version="1.0" encoding="UTF-8"?>
<!-- Generated by org.testng.reporters.JUnitReportReporter -->
<testsuite hostname="MacBook-Pro.local" failures="0" tests="2" name="com.sumit.testng.Test_1" time="0.014" errors="0" timestamp="2021-03-18T16:13:28 IST" skipped="0">
  <testcase classname="com.sumit.testng.Test_1" name="testFormFill" time="0.012"/>
  <system-out/>
  <testcase classname="com.sumit.testng.Test_1" name="testLogin" time="0.002"/>
  <system-out/>
</testsuite> <!-- com.sumit.testng.Test_1 -->
