<?xml version="1.0" encoding="UTF-8"?>
<!-- Generated by org.testng.reporters.JUnitReportReporter -->
<testsuite hostname="MacBook-Pro.local" failures="0" tests="1" name="com.sumit.testng.AssertionTest" time="0.035" errors="0" timestamp="2021-03-17T17:32:42 IST" skipped="0">
  <testcase classname="com.sumit.testng.AssertionTest" name="Validate" time="0.035"/>
  <system-out/>
</testsuite> <!-- com.sumit.testng.AssertionTest -->
