<?xml version="1.0" encoding="UTF-8"?>
<!-- Generated by org.testng.reporters.JUnitReportReporter -->
<testsuite hostname="MacBook-Pro.local" failures="0" tests="2" name="com.sumit.testng.testNg_Parameters" time="0.015" errors="0" timestamp="2021-03-16T17:26:17 IST" skipped="0">
  <testcase classname="com.sumit.testng.testNg_Parameters" name="testFormFill" time="0.011"/>
  <system-out/>
  <testcase classname="com.sumit.testng.testNg_Parameters" name="testFormFill" time="0.004"/>
  <system-out/>
</testsuite> <!-- com.sumit.testng.testNg_Parameters -->
